<?xml version="1.0" encoding="UTF-8"?>
<robot generator="Robot 6.1.1 (Python 3.11.5 on win32)" generated="20240731 19:28:39.365" rpa="false" schemaversion="4">
<suite id="s1" name="Tests" source="C:\Users\Admin\OneDrive\Documents\development\git-practice\tests">
<suite id="s1-s1" name="Test" source="C:\Users\Admin\OneDrive\Documents\development\git-practice\tests\test.robot">
<test id="s1-s1-t1" name="Create Auth Token" line="11">
<kw name="Create Dictionary" library="BuiltIn">
<var>${request_body}</var>
<arg>username=${USERNAME}</arg>
<arg>password=${PASSWORD}</arg>
<doc>Creates and returns a dictionary based on the given ``items``.</doc>
<msg timestamp="20240731 19:28:40.044" level="INFO">${request_body} = {'username': 'zerah622', 'password': 'tooteaonly'}</msg>
<status status="PASS" starttime="20240731 19:28:40.044" endtime="20240731 19:28:40.044"/>
</kw>
<kw name="Create Dictionary" library="BuiltIn">
<var>${headers}</var>
<arg>Content-Type=application/json</arg>
<doc>Creates and returns a dictionary based on the given ``items``.</doc>
<msg timestamp="20240731 19:28:40.045" level="INFO">${headers} = {'Content-Type': 'application/json'}</msg>
<status status="PASS" starttime="20240731 19:28:40.045" endtime="20240731 19:28:40.045"/>
</kw>
<kw name="Create Session" library="RequestsLibrary">
<arg>booker</arg>
<arg>${BASE_URL}</arg>
<arg>headers=${headers}</arg>
<doc>Create Session: create a HTTP session to a server</doc>
<msg timestamp="20240731 19:28:40.046" level="INFO">Creating Session using : alias=booker, url=https://restful-booker.herokuapp.com, headers={'Content-Type': 'application/json'},                     cookies={}, auth=None, timeout=None, proxies=None, verify=False,                     debug=0 </msg>
<status status="PASS" starttime="20240731 19:28:40.046" endtime="20240731 19:28:40.046"/>
</kw>
<kw name="Post Request" library="RequestsLibrary">
<var>${response}</var>
<arg>booker</arg>
<arg>${AUTH_ENDPOINT}</arg>
<arg>json=${request_body}</arg>
<doc>*DEPRECATED* Please use `POST On Session` instead.</doc>
<msg timestamp="20240731 19:28:40.047" level="WARN">Keyword 'RequestsLibrary.Post Request' is deprecated. Please use `POST On Session` instead.</msg>
<msg timestamp="20240731 19:28:41.141" level="INFO">POST Request : url=https://restful-booker.herokuapp.com/auth 
 path_url=/auth 
 headers={'User-Agent': 'python-requests/2.32.3', 'Accept-Encoding': 'gzip, deflate', 'Accept': '*/*', 'Connection': 'keep-alive', 'Content-Type': 'application/json', 'Content-Length': '50'} 
 body=b'{"username": "zerah622", "password": "tooteaonly"}' 
 </msg>
<msg timestamp="20240731 19:28:41.141" level="INFO">POST Response : url=https://restful-booker.herokuapp.com/auth 
 status=200, reason=OK 
 headers={'Server': 'Cowboy', 'Report-To': '{"group":"heroku-nel","max_age":3600,"endpoints":[{"url":"https://nel.heroku.com/reports?ts=1722425320&amp;sid=c46efe9b-d3d2-4a0c-8c76-bfafa16c5add&amp;s=IQZIjY%2BLqz4d1vcVsQAyvgDi7ICFyZkwBN7Up9RdMEQ%3D"}]}', 'Reporting-Endpoints': 'heroku-nel=https://nel.heroku.com/reports?ts=1722425320&amp;sid=c46efe9b-d3d2-4a0c-8c76-bfafa16c5add&amp;s=IQZIjY%2BLqz4d1vcVsQAyvgDi7ICFyZkwBN7Up9RdMEQ%3D', 'Nel': '{"report_to":"heroku-nel","max_age":3600,"success_fraction":0.005,"failure_fraction":0.05,"response_headers":["Via"]}', 'Connection': 'keep-alive', 'X-Powered-By': 'Express', 'Content-Type': 'application/json; charset=utf-8', 'Content-Length': '28', 'Etag': 'W/"1c-J3EiwfZwVQjKTKvpvazUfTni8fI"', 'Date': 'Wed, 31 Jul 2024 11:28:40 GMT', 'Via': '1.1 vegur'} 
 body={"reason":"Bad credentials"} 
 </msg>
<msg timestamp="20240731 19:28:41.141" level="INFO">C:\Users\Admin\AppData\Local\Programs\Python\Python311\Lib\site-packages\urllib3\connectionpool.py:1056: InsecureRequestWarning: Unverified HTTPS request is being made to host 'restful-booker.herokuapp.com'. Adding certificate verification is strongly advised. See: https://urllib3.readthedocs.io/en/1.26.x/advanced-usage.html#ssl-warnings
  warnings.warn(</msg>
<msg timestamp="20240731 19:28:41.142" level="INFO">${response} = &lt;Response [200]&gt;</msg>
<status status="PASS" starttime="20240731 19:28:40.047" endtime="20240731 19:28:41.142"/>
</kw>
<kw name="Should Be Equal As Strings" library="BuiltIn">
<arg>${response.status_code}</arg>
<arg>200</arg>
<doc>Fails if objects are unequal after converting them to strings.</doc>
<msg timestamp="20240731 19:28:41.143" level="INFO">Argument types are:
&lt;class 'int'&gt;
&lt;class 'str'&gt;</msg>
<status status="PASS" starttime="20240731 19:28:41.143" endtime="20240731 19:28:41.143"/>
</kw>
<kw name="Log" library="BuiltIn">
<arg>${response.json}</arg>
<doc>Logs the given message with the given level.</doc>
<msg timestamp="20240731 19:28:41.144" level="INFO">&lt;bound method Response.json of &lt;Response [200]&gt;&gt;</msg>
<status status="PASS" starttime="20240731 19:28:41.144" endtime="20240731 19:28:41.144"/>
</kw>
<doc>This test case creates a POST request to obtain an authentication token.</doc>
<status status="PASS" starttime="20240731 19:28:40.043" endtime="20240731 19:28:41.145"/>
</test>
<status status="PASS" starttime="20240731 19:28:39.394" endtime="20240731 19:28:41.146"/>
</suite>
<status status="PASS" starttime="20240731 19:28:39.367" endtime="20240731 19:28:41.148"/>
</suite>
<statistics>
<total>
<stat pass="1" fail="0" skip="0">All Tests</stat>
</total>
<tag>
</tag>
<suite>
<stat pass="1" fail="0" skip="0" id="s1" name="Tests">Tests</stat>
<stat pass="1" fail="0" skip="0" id="s1-s1" name="Test">Tests.Test</stat>
</suite>
</statistics>
<errors>
<msg timestamp="20240731 19:28:40.047" level="WARN">Keyword 'RequestsLibrary.Post Request' is deprecated. Please use `POST On Session` instead.</msg>
</errors>
</robot>
